<?xml version="1.0" encoding="UTF-8"?>
<!-- Generated by org.testng.reporters.JUnitReportReporter -->
<testsuite hostname="IXED-LAP0263" name="example.NewTest" tests="1" failures="0" timestamp="6 May 2019 09:38:18 GMT" time="51.294" errors="0">
  <testcase name="testEasy" time="51.294" classname="example.NewTest"/>
</testsuite> <!-- example.NewTest -->
